2024-03-14T10:11:47.575+02:00  INFO 11364 --- [Logging-Levels-Spring] [main] c.v.l.LoggingLevelsSpringApplication     : Starting LoggingLevelsSpringApplication using Java 17.0.8 with PID 11364 (C:\Users\admin\Desktop\GitHub-Repo\Spring\Logging-Levels-Spring\target\classes started by admin in C:\Users\admin\Desktop\GitHub-Repo\Spring\Logging-Levels-Spring)
2024-03-14T10:11:47.577+02:00  INFO 11364 --- [Logging-Levels-Spring] [main] c.v.l.LoggingLevelsSpringApplication     : No active profile set, falling back to 1 default profile: "default"
2024-03-14T10:11:48.203+02:00  INFO 11364 --- [Logging-Levels-Spring] [main] o.s.b.w.embedded.tomcat.TomcatWebServer  : Tomcat initialized with port 8080 (http)
2024-03-14T10:11:48.209+02:00  INFO 11364 --- [Logging-Levels-Spring] [main] o.apache.catalina.core.StandardService   : Starting service [Tomcat]
2024-03-14T10:11:48.212+02:00  INFO 11364 --- [Logging-Levels-Spring] [main] o.apache.catalina.core.StandardEngine    : Starting Servlet engine: [Apache Tomcat/10.1.19]
2024-03-14T10:11:48.238+02:00  INFO 11364 --- [Logging-Levels-Spring] [main] o.a.c.c.C.[Tomcat].[localhost].[/]       : Initializing Spring embedded WebApplicationContext
2024-03-14T10:11:48.239+02:00  INFO 11364 --- [Logging-Levels-Spring] [main] w.s.c.ServletWebServerApplicationContext : Root WebApplicationContext: initialization completed in 625 ms
2024-03-14T10:11:48.443+02:00  INFO 11364 --- [Logging-Levels-Spring] [main] o.s.b.w.embedded.tomcat.TomcatWebServer  : Tomcat started on port 8080 (http) with context path ''
2024-03-14T10:11:48.449+02:00  INFO 11364 --- [Logging-Levels-Spring] [main] c.v.l.LoggingLevelsSpringApplication     : Started LoggingLevelsSpringApplication in 1.162 seconds (process running for 1.506)
2024-03-14T10:11:53.141+02:00  INFO 11364 --- [Logging-Levels-Spring] [http-nio-8080-exec-7] o.a.c.c.C.[Tomcat].[localhost].[/]       : Initializing Spring DispatcherServlet 'dispatcherServlet'
2024-03-14T10:11:53.142+02:00  INFO 11364 --- [Logging-Levels-Spring] [http-nio-8080-exec-7] o.s.web.servlet.DispatcherServlet        : Initializing Servlet 'dispatcherServlet'
2024-03-14T10:11:53.142+02:00  INFO 11364 --- [Logging-Levels-Spring] [http-nio-8080-exec-7] o.s.web.servlet.DispatcherServlet        : Completed initialization in 0 ms
2024-03-14T10:11:53.231+02:00  INFO 11364 --- [Logging-Levels-Spring] [http-nio-8080-exec-7] c.v.l.controller.MyController            : Order created successfully
2024-03-14T10:11:53.232+02:00 DEBUG 11364 --- [Logging-Levels-Spring] [http-nio-8080-exec-7] c.v.l.controller.MyController            : Order{id=15, customerName='Bob', totalPrice=20.5}
2024-03-14T10:13:22.827+02:00  WARN 11364 --- [Logging-Levels-Spring] [http-nio-8080-exec-5] .w.s.m.s.DefaultHandlerExceptionResolver : Resolved [org.springframework.web.bind.MethodArgumentNotValidException: Validation failed for argument [0] in public org.springframework.http.ResponseEntity<com.vladproduction.logginglevelsspring.model.Order> com.vladproduction.logginglevelsspring.controller.MyController.createOrder(com.vladproduction.logginglevelsspring.model.Order): [Field error in object 'order' on field 'customerName': rejected value []; codes [NotBlank.order.customerName,NotBlank.customerName,NotBlank.java.lang.String,NotBlank]; arguments [org.springframework.context.support.DefaultMessageSourceResolvable: codes [order.customerName,customerName]; arguments []; default message [customerName]]; default message [customerName; should be set]] ]
2024-03-14T10:15:36.416+02:00  INFO 11392 --- [Logging-Levels-Spring] [main] c.v.l.LoggingLevelsSpringApplication     : Starting LoggingLevelsSpringApplication using Java 17.0.8 with PID 11392 (C:\Users\admin\Desktop\GitHub-Repo\Spring\Logging-Levels-Spring\target\classes started by admin in C:\Users\admin\Desktop\GitHub-Repo\Spring\Logging-Levels-Spring)
2024-03-14T10:15:36.418+02:00  INFO 11392 --- [Logging-Levels-Spring] [main] c.v.l.LoggingLevelsSpringApplication     : No active profile set, falling back to 1 default profile: "default"
2024-03-14T10:15:37.045+02:00  INFO 11392 --- [Logging-Levels-Spring] [main] o.s.b.w.embedded.tomcat.TomcatWebServer  : Tomcat initialized with port 8080 (http)
2024-03-14T10:15:37.052+02:00  INFO 11392 --- [Logging-Levels-Spring] [main] o.apache.catalina.core.StandardService   : Starting service [Tomcat]
2024-03-14T10:15:37.053+02:00  INFO 11392 --- [Logging-Levels-Spring] [main] o.apache.catalina.core.StandardEngine    : Starting Servlet engine: [Apache Tomcat/10.1.19]
2024-03-14T10:15:37.083+02:00  INFO 11392 --- [Logging-Levels-Spring] [main] o.a.c.c.C.[Tomcat].[localhost].[/]       : Initializing Spring embedded WebApplicationContext
2024-03-14T10:15:37.083+02:00  INFO 11392 --- [Logging-Levels-Spring] [main] w.s.c.ServletWebServerApplicationContext : Root WebApplicationContext: initialization completed in 629 ms
2024-03-14T10:15:37.296+02:00  INFO 11392 --- [Logging-Levels-Spring] [main] o.s.b.w.embedded.tomcat.TomcatWebServer  : Tomcat started on port 8080 (http) with context path ''
2024-03-14T10:15:37.302+02:00  INFO 11392 --- [Logging-Levels-Spring] [main] c.v.l.LoggingLevelsSpringApplication     : Started LoggingLevelsSpringApplication in 1.172 seconds (process running for 1.519)
2024-03-14T10:15:40.859+02:00  INFO 11392 --- [Logging-Levels-Spring] [http-nio-8080-exec-1] o.a.c.c.C.[Tomcat].[localhost].[/]       : Initializing Spring DispatcherServlet 'dispatcherServlet'
2024-03-14T10:15:40.859+02:00  INFO 11392 --- [Logging-Levels-Spring] [http-nio-8080-exec-1] o.s.web.servlet.DispatcherServlet        : Initializing Servlet 'dispatcherServlet'
2024-03-14T10:15:40.860+02:00  INFO 11392 --- [Logging-Levels-Spring] [http-nio-8080-exec-1] o.s.web.servlet.DispatcherServlet        : Completed initialization in 1 ms
2024-03-14T10:15:40.955+02:00  WARN 11392 --- [Logging-Levels-Spring] [http-nio-8080-exec-1] .w.s.m.s.DefaultHandlerExceptionResolver : Resolved [org.springframework.web.bind.MethodArgumentNotValidException: Validation failed for argument [0] in public org.springframework.http.ResponseEntity<com.vladproduction.logginglevelsspring.model.Order> com.vladproduction.logginglevelsspring.controller.MyController.createOrder(com.vladproduction.logginglevelsspring.model.Order): [Field error in object 'order' on field 'customerName': rejected value []; codes [NotBlank.order.customerName,NotBlank.customerName,NotBlank.java.lang.String,NotBlank]; arguments [org.springframework.context.support.DefaultMessageSourceResolvable: codes [order.customerName,customerName]; arguments []; default message [customerName]]; default message [customerName; should be set]] ]
2024-03-14T10:18:43.096+02:00  INFO 19028 --- [Logging-Levels-Spring] [main] c.v.l.LoggingLevelsSpringApplication     : Starting LoggingLevelsSpringApplication using Java 17.0.8 with PID 19028 (C:\Users\admin\Desktop\GitHub-Repo\Spring\Logging-Levels-Spring\target\classes started by admin in C:\Users\admin\Desktop\GitHub-Repo\Spring\Logging-Levels-Spring)
2024-03-14T10:18:43.098+02:00  INFO 19028 --- [Logging-Levels-Spring] [main] c.v.l.LoggingLevelsSpringApplication     : No active profile set, falling back to 1 default profile: "default"
2024-03-14T10:18:43.730+02:00  INFO 19028 --- [Logging-Levels-Spring] [main] o.s.b.w.embedded.tomcat.TomcatWebServer  : Tomcat initialized with port 8080 (http)
2024-03-14T10:18:43.736+02:00  INFO 19028 --- [Logging-Levels-Spring] [main] o.apache.catalina.core.StandardService   : Starting service [Tomcat]
2024-03-14T10:18:43.737+02:00  INFO 19028 --- [Logging-Levels-Spring] [main] o.apache.catalina.core.StandardEngine    : Starting Servlet engine: [Apache Tomcat/10.1.19]
2024-03-14T10:18:43.765+02:00  INFO 19028 --- [Logging-Levels-Spring] [main] o.a.c.c.C.[Tomcat].[localhost].[/]       : Initializing Spring embedded WebApplicationContext
2024-03-14T10:18:43.765+02:00  INFO 19028 --- [Logging-Levels-Spring] [main] w.s.c.ServletWebServerApplicationContext : Root WebApplicationContext: initialization completed in 632 ms
2024-03-14T10:18:43.984+02:00  INFO 19028 --- [Logging-Levels-Spring] [main] o.s.b.w.embedded.tomcat.TomcatWebServer  : Tomcat started on port 8080 (http) with context path ''
2024-03-14T10:18:43.990+02:00  INFO 19028 --- [Logging-Levels-Spring] [main] c.v.l.LoggingLevelsSpringApplication     : Started LoggingLevelsSpringApplication in 1.183 seconds (process running for 1.56)
2024-03-14T10:18:48.194+02:00  INFO 19028 --- [Logging-Levels-Spring] [http-nio-8080-exec-1] o.a.c.c.C.[Tomcat].[localhost].[/]       : Initializing Spring DispatcherServlet 'dispatcherServlet'
2024-03-14T10:18:48.194+02:00  INFO 19028 --- [Logging-Levels-Spring] [http-nio-8080-exec-1] o.s.web.servlet.DispatcherServlet        : Initializing Servlet 'dispatcherServlet'
2024-03-14T10:18:48.195+02:00  INFO 19028 --- [Logging-Levels-Spring] [http-nio-8080-exec-1] o.s.web.servlet.DispatcherServlet        : Completed initialization in 1 ms
2024-03-14T10:18:48.281+02:00  WARN 19028 --- [Logging-Levels-Spring] [http-nio-8080-exec-1] .w.s.m.s.DefaultHandlerExceptionResolver : Resolved [org.springframework.web.bind.MethodArgumentNotValidException: Validation failed for argument [0] in public org.springframework.http.ResponseEntity<com.vladproduction.logginglevelsspring.model.Order> com.vladproduction.logginglevelsspring.controller.MyController.createOrder(com.vladproduction.logginglevelsspring.model.Order): [Field error in object 'order' on field 'customerName': rejected value []; codes [NotBlank.order.customerName,NotBlank.customerName,NotBlank.java.lang.String,NotBlank]; arguments [org.springframework.context.support.DefaultMessageSourceResolvable: codes [order.customerName,customerName]; arguments []; default message [customerName]]; default message [customerName; should be set]] ]
2024-03-14T10:30:44.936+02:00  INFO 19028 --- [Logging-Levels-Spring] [http-nio-8080-exec-9] c.v.l.controller.MyController            : Order created successfully
2024-03-14T10:30:44.937+02:00 DEBUG 19028 --- [Logging-Levels-Spring] [http-nio-8080-exec-9] c.v.l.controller.MyController            : Order{id=15, customerName='John', totalPrice=20.5}
2024-03-14T10:32:03.303+02:00  WARN 19028 --- [Logging-Levels-Spring] [http-nio-8080-exec-6] .w.s.m.s.DefaultHandlerExceptionResolver : Resolved [org.springframework.web.bind.MethodArgumentNotValidException: Validation failed for argument [0] in public org.springframework.http.ResponseEntity<com.vladproduction.logginglevelsspring.model.Order> com.vladproduction.logginglevelsspring.controller.MyController.createOrder(com.vladproduction.logginglevelsspring.model.Order): [Field error in object 'order' on field 'customerName': rejected value []; codes [NotBlank.order.customerName,NotBlank.customerName,NotBlank.java.lang.String,NotBlank]; arguments [org.springframework.context.support.DefaultMessageSourceResolvable: codes [order.customerName,customerName]; arguments []; default message [customerName]]; default message [customerName; should be set]] ]
